<?xml version="1.0" encoding="UTF-8"?>
<!-- Generated by org.testng.reporters.JUnitReportReporter -->
<testsuite hostname="MSI" failures="0" tests="1" name="atlanticBooks.HomePage" time="2.590" errors="0" timestamp="2021-10-20T14:41:01 IST" skipped="0">
  <testcase classname="atlanticBooks.HomePage" name="basePageNavigation" time="2.590"/>
  <system-out/>
</testsuite> <!-- atlanticBooks.HomePage -->
